<?xml version="1.0" encoding="UTF-8"?>
<testsuite name="JUnit Platform Suite" tests="0" skipped="0" failures="0" errors="0" time="0" hostname="Magnuss-MacBook-Pro.fritz.box" timestamp="2025-08-03T21:55:14">
<properties>
<property name="apple.awt.application.name" value="ConsoleLauncher"/>
<property name="file.encoding" value="UTF-8"/>
<property name="file.separator" value="/"/>
<property name="ftp.nonProxyHosts" value="local|*.local|169.254/16|*.169.254/16"/>
<property name="glass.platform" value="Monocle"/>
<property name="http.nonProxyHosts" value="local|*.local|169.254/16|*.169.254/16"/>
<property name="java.awt.headless" value="true"/>
<property name="java.class.path" value="test-bin:bin:lib/byte-buddy-1.14.11.jar:lib/byte-buddy-agent-1.14.11.jar:lib/javafx-swt.jar:lib/javafx.base.jar:lib/javafx.controls.jar:lib/javafx.fxml.jar:lib/javafx.graphics.jar:lib/javafx.media.jar:lib/javafx.swing.jar:lib/javafx.web.jar:lib/junit-jupiter-api-5.10.1.jar:lib/junit-jupiter-engine-5.10.1.jar:lib/junit-platform-console-standalone-1.10.1.jar:lib/junit-platform-launcher-1.10.1.jar:lib/mockito-core-5.8.0.jar"/>
<property name="java.class.version" value="65.0"/>
<property name="java.home" value="/Library/Java/JavaVirtualMachines/jdk-21.jdk/Contents/Home"/>
<property name="java.io.tmpdir" value="/var/folders/dh/5vvqz7413x1f6kcr13wzyp780000gn/T/"/>
<property name="java.library.path" value="/Users/magnushansen/Library/Java/Extensions:/Library/Java/Extensions:/Network/Library/Java/Extensions:/System/Library/Java/Extensions:/usr/lib/java:."/>
<property name="java.runtime.name" value="Java(TM) SE Runtime Environment"/>
<property name="java.runtime.version" value="21.0.8+12-LTS-250"/>
<property name="java.specification.name" value="Java Platform API Specification"/>
<property name="java.specification.vendor" value="Oracle Corporation"/>
<property name="java.specification.version" value="21"/>
<property name="java.vendor" value="Oracle Corporation"/>
<property name="java.vendor.url" value="https://java.oracle.com/"/>
<property name="java.vendor.url.bug" value="https://bugreport.java.com/bugreport/"/>
<property name="java.version" value="21.0.8"/>
<property name="java.version.date" value="2025-07-15"/>
<property name="java.vm.compressedOopsMode" value="Zero based"/>
<property name="java.vm.info" value="mixed mode, sharing"/>
<property name="java.vm.name" value="Java HotSpot(TM) 64-Bit Server VM"/>
<property name="java.vm.specification.name" value="Java Virtual Machine Specification"/>
<property name="java.vm.specification.vendor" value="Oracle Corporation"/>
<property name="java.vm.specification.version" value="21"/>
<property name="java.vm.vendor" value="Oracle Corporation"/>
<property name="java.vm.version" value="21.0.8+12-LTS-250"/>
<property name="javafx.macosx.embedded" value="true"/>
<property name="javafx.runtime.version" value="17.0.16+2"/>
<property name="javafx.version" value="17.0.16"/>
<property name="jdk.debug" value="release"/>
<property name="line.separator" value="
"/>
<property name="monocle.platform" value="Headless"/>
<property name="native.encoding" value="UTF-8"/>
<property name="os.arch" value="aarch64"/>
<property name="os.name" value="Mac OS X"/>
<property name="os.version" value="15.5"/>
<property name="path.separator" value=":"/>
<property name="prism.allowhidpi" value="false"/>
<property name="prism.order" value="sw"/>
<property name="prism.text" value="t2k"/>
<property name="prism.verbose" value="false"/>
<property name="quantum.multithreaded" value="false"/>
<property name="socksNonProxyHosts" value="local|*.local|169.254/16|*.169.254/16"/>
<property name="stderr.encoding" value="UTF-8"/>
<property name="stdout.encoding" value="UTF-8"/>
<property name="sun.arch.data.model" value="64"/>
<property name="sun.boot.library.path" value="/Library/Java/JavaVirtualMachines/jdk-21.jdk/Contents/Home/lib"/>
<property name="sun.cpu.endian" value="little"/>
<property name="sun.io.unicode.encoding" value="UnicodeBig"/>
<property name="sun.java.command" value="org.junit.platform.console.ConsoleLauncher --class-path=test-bin:bin:lib/byte-buddy-1.14.11.jar:lib/byte-buddy-agent-1.14.11.jar:lib/javafx-swt.jar:lib/javafx.base.jar:lib/javafx.controls.jar:lib/javafx.fxml.jar:lib/javafx.graphics.jar:lib/javafx.media.jar:lib/javafx.swing.jar:lib/javafx.web.jar:lib/junit-jupiter-api-5.10.1.jar:lib/junit-jupiter-engine-5.10.1.jar:lib/junit-platform-console-standalone-1.10.1.jar:lib/junit-platform-launcher-1.10.1.jar:lib/mockito-core-5.8.0.jar --scan-class-path=test-bin --details=tree --reports-dir=test-reports"/>
<property name="sun.java.launcher" value="SUN_STANDARD"/>
<property name="sun.jnu.encoding" value="UTF-8"/>
<property name="sun.management.compiler" value="HotSpot 64-Bit Tiered Compilers"/>
<property name="test.mode" value="true"/>
<property name="testfx.headless" value="true"/>
<property name="testfx.robot" value="glass"/>
<property name="user.country" value="FO"/>
<property name="user.dir" value="/Users/magnushansen/Movies/Roguelike"/>
<property name="user.home" value="/Users/magnushansen"/>
<property name="user.language" value="en"/>
<property name="user.name" value="magnushansen"/>
<property name="user.timezone" value="Atlantic/Faroe"/>
</properties>
<system-out><![CDATA[
unique-id: [engine:junit-platform-suite]
display-name: JUnit Platform Suite
]]></system-out>
</testsuite>
